Using pre-set license
Built from '2020.3/staging' branch; Version is '2020.3.8f1 (507919d4fff5) revision 5273881'; Using compiler version '192528614'; Build Type 'Release'
OS: 'Windows 10 Pro; OS build 18363.1556; Version 1909; 64bit' Language: 'en' Physical Memory: 4023 MB
BatchMode: 1, IsHumanControllingUs: 0, StartBugReporterOnCrash: 0, Is64bit: 1, IsPro: 0

 COMMAND LINE ARGUMENTS:
R:\program\Unity\Hub\Editor\2020.3.8f1\Editor\Unity.exe
-adb2
-batchMode
-noUpm
-name
AssetImportWorker0
-projectPath
R:/other/source/Chamus-Flower/Chamu'sFlower
-logFile
Logs/AssetImportWorker0.log
-srvPort
62255
Successfully changed project path to: R:/other/source/Chamus-Flower/Chamu'sFlower
R:/other/source/Chamus-Flower/Chamu'sFlower
Using Asset Import Pipeline V2.
Refreshing native plugins compatible for Editor in 109.49 ms, found 0 plugins.
Preloading 0 native plugins for Editor in 0.00 ms.
Initialize engine version: 2020.3.8f1 (507919d4fff5)
[Subsystems] Discovering subsystems at path R:/program/Unity/Hub/Editor/2020.3.8f1/Editor/Data/Resources/UnitySubsystems
[Subsystems] Discovering subsystems at path R:/other/source/Chamus-Flower/Chamu'sFlower/Assets
GfxDevice: creating device client; threaded=0
Direct3D:
    Version:  Direct3D 11.0 [level 11.1]
    Renderer: Intel(R) HD Graphics Family (ID=0xa16)
    Vendor:   
    VRAM:     2011 MB
    Driver:   10.18.15.4248
Initialize mono
Mono path[0] = 'R:/program/Unity/Hub/Editor/2020.3.8f1/Editor/Data/Managed'
Mono path[1] = 'R:/program/Unity/Hub/Editor/2020.3.8f1/Editor/Data/MonoBleedingEdge/lib/mono/unityjit'
Mono config path = 'R:/program/Unity/Hub/Editor/2020.3.8f1/Editor/Data/MonoBleedingEdge/etc'
Using monoOptions --debugger-agent=transport=dt_socket,embedding=1,server=y,suspend=n,address=127.0.0.1:56488
Begin MonoManager ReloadAssembly
Registering precompiled unity dll's ...
Register platform support module: R:/program/Unity/Hub/Editor/2020.3.8f1/Editor/Data/PlaybackEngines/WebGLSupport/UnityEditor.WebGL.Extensions.dll
Register platform support module: R:/program/Unity/Hub/Editor/2020.3.8f1/Editor/Data/PlaybackEngines/WindowsStandaloneSupport/UnityEditor.WindowsStandalone.Extensions.dll
Registered in 0.005686 seconds.
Native extension for WindowsStandalone target not found
Native extension for WebGL target not found
Refreshing native plugins compatible for Editor in 52.09 ms, found 0 plugins.
Preloading 0 native plugins for Editor in 0.00 ms.
Mono: successfully reloaded assembly
- Completed reload, in  2.832 seconds
Platform modules already initialized, skipping
Registering precompiled user dll's ...
Registered in 0.008068 seconds.
Begin MonoManager ReloadAssembly
Native extension for WindowsStandalone target not found
Native extension for WebGL target not found
Refreshing native plugins compatible for Editor in 0.79 ms, found 0 plugins.
Preloading 0 native plugins for Editor in 0.00 ms.
Mono: successfully reloaded assembly
- Completed reload, in  1.604 seconds
Platform modules already initialized, skipping
========================================================================
Worker process is ready to serve import requests
Launched and connected shader compiler UnityShaderCompiler.exe after 0.14 seconds
Refreshing native plugins compatible for Editor in 1.42 ms, found 0 plugins.
Preloading 0 native plugins for Editor in 0.00 ms.
Unloading 1819 Unused Serialized files (Serialized files now loaded: 0)
System memory in use before: 77.6 MB.
System memory in use after: 77.7 MB.

Unloading 53 unused Assets to reduce memory usage. Loaded Objects now: 2230.
Total: 9.586300 ms (FindLiveObjects: 0.305900 ms CreateObjectMapping: 0.202100 ms MarkObjects: 8.964900 ms  DeleteObjects: 0.111500 ms)

========================================================================
Received Import Request.
  path: Assets/Scenes/start.unity
  artifactKey: Guid(96696014169eb104d8e4f9f59ab112be) Importer(815301076,1909f56bfc062723c751e8b465ee728b)
Start importing Assets/Scenes/start.unity using Guid(96696014169eb104d8e4f9f59ab112be) Importer(815301076,1909f56bfc062723c751e8b465ee728b)  -> (artifact id: 'cddd5be546f94d89cb083c2bc1a4d300') in 0.019702 seconds
  Import took 0.025288 seconds .

========================================================================
Received Import Request.
  Time since last request: 1155.892043 seconds.
  path: Assets/Art/br_bedroom.png
  artifactKey: Guid(968f0a1926a77c548b8053a97bb76612) Importer(815301076,1909f56bfc062723c751e8b465ee728b)
Start importing Assets/Art/br_bedroom.png using Guid(968f0a1926a77c548b8053a97bb76612) Importer(815301076,1909f56bfc062723c751e8b465ee728b)  -> (artifact id: '7a9d70c4c6163cf6d82d9472920491e4') in 0.211478 seconds
  Import took 0.217228 seconds .

========================================================================
Received Import Request.
  Time since last request: 4.249722 seconds.
  path: Assets/Script/Puzzle/CabinetPuzzle.cs
  artifactKey: Guid(ea76462d754628349b49c30a206c7475) Importer(815301076,1909f56bfc062723c751e8b465ee728b)
Start importing Assets/Script/Puzzle/CabinetPuzzle.cs using Guid(ea76462d754628349b49c30a206c7475) Importer(815301076,1909f56bfc062723c751e8b465ee728b)  -> (artifact id: '21b91b84e96bb712737f6b92809c141d') in 0.008068 seconds
  Import took 0.013882 seconds .

========================================================================
Received Import Request.
  Time since last request: 0.003698 seconds.
  path: Assets/Script/Puzzle/CabinetPuzzle.cs
  artifactKey: Guid(ea76462d754628349b49c30a206c7475) Importer(815301076,1909f56bfc062723c751e8b465ee728b)
Start importing Assets/Script/Puzzle/CabinetPuzzle.cs using Guid(ea76462d754628349b49c30a206c7475) Importer(815301076,1909f56bfc062723c751e8b465ee728b)  -> (artifact id: '21b91b84e96bb712737f6b92809c141d') in 0.010052 seconds
  Import took 0.020062 seconds .

========================================================================
Received Import Request.
  Time since last request: 2.715261 seconds.
  path: Assets/Animation/MainPlayer.controller
  artifactKey: Guid(b504ebbe991fe6046b23d2607b754fd0) Importer(815301076,1909f56bfc062723c751e8b465ee728b)
Start importing Assets/Animation/MainPlayer.controller using Guid(b504ebbe991fe6046b23d2607b754fd0) Importer(815301076,1909f56bfc062723c751e8b465ee728b)  -> (artifact id: '95e329336bb086beb03a47f744ff5030') in 0.023121 seconds
  Import took 0.029122 seconds .

========================================================================
Received Import Request.
  Time since last request: 9.247574 seconds.
  path: Assets/Animation/TeddyBear.controller
  artifactKey: Guid(0c3a3a51eb1fa2c48afb3a1ad851ef62) Importer(815301076,1909f56bfc062723c751e8b465ee728b)
Start importing Assets/Animation/TeddyBear.controller using Guid(0c3a3a51eb1fa2c48afb3a1ad851ef62) Importer(815301076,1909f56bfc062723c751e8b465ee728b)  -> (artifact id: 'c3e97931eac32118443450ed63ebf923') in 0.014570 seconds
  Import took 0.028178 seconds .

========================================================================
Received Import Request.
  Time since last request: 6.566457 seconds.
  path: Assets/Animation/Toilet
  artifactKey: Guid(081c99332ebc00f4382a6921c1a6e3a2) Importer(815301076,1909f56bfc062723c751e8b465ee728b)
Start importing Assets/Animation/Toilet using Guid(081c99332ebc00f4382a6921c1a6e3a2) Importer(815301076,1909f56bfc062723c751e8b465ee728b)  -> (artifact id: 'c7b4d532ad8926d5fb1bede45e000448') in 0.009991 seconds
  Import took 0.018406 seconds .

========================================================================
Received Import Request.
  Time since last request: 1.047747 seconds.
  path: Assets/Animation/Toilet/spilled.anim
  artifactKey: Guid(bd2c5451fbb697a45801caed0888a60f) Importer(815301076,1909f56bfc062723c751e8b465ee728b)
Start importing Assets/Animation/Toilet/spilled.anim using Guid(bd2c5451fbb697a45801caed0888a60f) Importer(815301076,1909f56bfc062723c751e8b465ee728b)  -> (artifact id: '945cf3a3d7b9a3f04848740e588b145a') in 0.008638 seconds
  Import took 0.014373 seconds .

========================================================================
Received Import Request.
  Time since last request: 0.017246 seconds.
  path: Assets/Animation/Toilet/spilled.anim
  artifactKey: Guid(bd2c5451fbb697a45801caed0888a60f) Importer(815301076,1909f56bfc062723c751e8b465ee728b)
Start importing Assets/Animation/Toilet/spilled.anim using Guid(bd2c5451fbb697a45801caed0888a60f) Importer(815301076,1909f56bfc062723c751e8b465ee728b)  -> (artifact id: '945cf3a3d7b9a3f04848740e588b145a') in 0.006930 seconds
  Import took 0.016084 seconds .

========================================================================
Received Import Request.
  Time since last request: 269.587969 seconds.
  path: Assets/Art/livingroom_assets.png
  artifactKey: Guid(1bf9444c0e01f184ab1e06aec09c1107) Importer(815301076,1909f56bfc062723c751e8b465ee728b)
Start importing Assets/Art/livingroom_assets.png using Guid(1bf9444c0e01f184ab1e06aec09c1107) Importer(815301076,1909f56bfc062723c751e8b465ee728b)  -> (artifact id: '3a06f05075a2adb70ed0c9a0d2789986') in 0.137040 seconds
  Import took 0.142850 seconds .

========================================================================
Received Import Request.
  Time since last request: 53.768107 seconds.
  path: Assets/Art/character.png
  artifactKey: Guid(43f030df2643d4b419c83be4fcc4ce74) Importer(815301076,1909f56bfc062723c751e8b465ee728b)
Start importing Assets/Art/character.png using Guid(43f030df2643d4b419c83be4fcc4ce74) Importer(815301076,1909f56bfc062723c751e8b465ee728b)  -> (artifact id: 'e0507ceeaa2a097411d344a9a460944c') in 0.044006 seconds
  Import took 0.052222 seconds .

========================================================================
Received Import Request.
  Time since last request: 0.001563 seconds.
  path: Assets/Art/character.png
  artifactKey: Guid(43f030df2643d4b419c83be4fcc4ce74) Importer(815301076,1909f56bfc062723c751e8b465ee728b)
Start importing Assets/Art/character.png using Guid(43f030df2643d4b419c83be4fcc4ce74) Importer(815301076,1909f56bfc062723c751e8b465ee728b)  -> (artifact id: 'e0507ceeaa2a097411d344a9a460944c') in 0.090642 seconds
  Import took 0.104434 seconds .

========================================================================
Received Import Request.
  Time since last request: 283.712027 seconds.
  path: Assets/Animation/TeddyBear
  artifactKey: Guid(f33f235832fb12a4ab6499b10e760c5d) Importer(815301076,1909f56bfc062723c751e8b465ee728b)
Start importing Assets/Animation/TeddyBear using Guid(f33f235832fb12a4ab6499b10e760c5d) Importer(815301076,1909f56bfc062723c751e8b465ee728b)  -> (artifact id: 'cbe63e9e4f3aefdadf1c4f05cff8047f') in 0.045242 seconds
  Import took 0.056899 seconds .

========================================================================
Received Import Request.
  Time since last request: 2.602602 seconds.
  path: Assets/Animation/TeddyBear/Tear.anim
  artifactKey: Guid(c2d67b8d5fda4654da62866acc0df2fa) Importer(815301076,1909f56bfc062723c751e8b465ee728b)
Start importing Assets/Animation/TeddyBear/Tear.anim using Guid(c2d67b8d5fda4654da62866acc0df2fa) Importer(815301076,1909f56bfc062723c751e8b465ee728b)  -> (artifact id: 'b68cbef7ba4a810d5f992a944899c629') in 0.022450 seconds
  Import took 0.039836 seconds .

========================================================================
Received Import Request.
  Time since last request: 0.024983 seconds.
  path: Assets/Animation/TeddyBear/Tear.anim
  artifactKey: Guid(c2d67b8d5fda4654da62866acc0df2fa) Importer(815301076,1909f56bfc062723c751e8b465ee728b)
Start importing Assets/Animation/TeddyBear/Tear.anim using Guid(c2d67b8d5fda4654da62866acc0df2fa) Importer(815301076,1909f56bfc062723c751e8b465ee728b)  -> (artifact id: 'b68cbef7ba4a810d5f992a944899c629') in 0.023981 seconds
  Import took 0.036687 seconds .

========================================================================
Received Import Request.
  Time since last request: 100.071859 seconds.
  path: Assets/Animation/TeddyBear/alreadyTear.anim
  artifactKey: Guid(07ecbddf8b1c6f74ebce05f19baac4ca) Importer(815301076,1909f56bfc062723c751e8b465ee728b)
Start importing Assets/Animation/TeddyBear/alreadyTear.anim using Guid(07ecbddf8b1c6f74ebce05f19baac4ca) Importer(815301076,1909f56bfc062723c751e8b465ee728b)  -> (artifact id: '1b6cad3d871cfb30c84773372cf304b3') in 0.005568 seconds
  Import took 0.013857 seconds .

========================================================================
Received Import Request.
  Time since last request: 135.874511 seconds.
  path: Assets/Art/bedroom_assets.png
  artifactKey: Guid(d607c5dfa7d09de44ba7956863699032) Importer(815301076,1909f56bfc062723c751e8b465ee728b)
Start importing Assets/Art/bedroom_assets.png using Guid(d607c5dfa7d09de44ba7956863699032) Importer(815301076,1909f56bfc062723c751e8b465ee728b)  -> (artifact id: '05551a99cc02193c188fcfa7588b6a15') in 0.133513 seconds
  Import took 0.142733 seconds .

========================================================================
Received Import Request.
  Time since last request: 42.512887 seconds.
  path: Assets/Art/sleep.png
  artifactKey: Guid(4af7e5c46663bc44b93fd1316ad9dbce) Importer(815301076,1909f56bfc062723c751e8b465ee728b)
Start importing Assets/Art/sleep.png using Guid(4af7e5c46663bc44b93fd1316ad9dbce) Importer(815301076,1909f56bfc062723c751e8b465ee728b)  -> (artifact id: '9267c77174c3af1b2e3ba46541ee0460') in 0.079499 seconds
  Import took 0.110824 seconds .

AssetImportWorkerClient::OnTransportError - code=2 error=End of file
